c:\users\benz_\source\repos\nauka-cpp\operator overload\operator overload\x64\debug\vc143.pdb
c:\users\benz_\source\repos\nauka-cpp\operator overload\operator overload\x64\debug\vc143.idb
c:\users\benz_\source\repos\nauka-cpp\operator overload\operator overload\x64\debug\std initializer list - avoid shallow copies.obj
c:\users\benz_\source\repos\nauka-cpp\operator overload\x64\debug\operator overload.exe
c:\users\benz_\source\repos\nauka-cpp\operator overload\operator overload\x64\debug\operator overload.ilk
c:\users\benz_\source\repos\nauka-cpp\operator overload\x64\debug\operator overload.pdb
c:\users\benz_\source\repos\nauka-cpp\operator overload\operator overload\x64\debug\minmax.obj
c:\users\benz_\source\repos\nauka-cpp\operator overload\operator overload\x64\debug\operator overload - using friend functions.obj
c:\users\benz_\source\repos\nauka-cpp\operator overload\operator overload\x64\debug\overloading + and - operator friend function inside the class.obj
c:\users\benz_\source\repos\nauka-cpp\operator overload\operator overload\x64\debug\overloading + and - operator.obj
c:\users\benz_\source\repos\nauka-cpp\operator overload\operator overload\x64\debug\overloading operators of different types.obj
c:\users\benz_\source\repos\nauka-cpp\operator overload\operator overload\x64\debug\overloading operators using normal functions.obj
c:\users\benz_\source\repos\nauka-cpp\operator overload\operator overload\x64\debug\overloading the in and out operators.obj
c:\users\benz_\source\repos\nauka-cpp\operator overload\operator overload\x64\debug\std initializer list.obj
c:\users\benz_\source\repos\nauka-cpp\operator overload\operator overload\x64\debug\operator.a5f216f8.tlog\cl.command.1.tlog
c:\users\benz_\source\repos\nauka-cpp\operator overload\operator overload\x64\debug\operator.a5f216f8.tlog\cl.items.tlog
c:\users\benz_\source\repos\nauka-cpp\operator overload\operator overload\x64\debug\operator.a5f216f8.tlog\cl.read.1.tlog
c:\users\benz_\source\repos\nauka-cpp\operator overload\operator overload\x64\debug\operator.a5f216f8.tlog\cl.write.1.tlog
c:\users\benz_\source\repos\nauka-cpp\operator overload\operator overload\x64\debug\operator.a5f216f8.tlog\link.command.1.tlog
c:\users\benz_\source\repos\nauka-cpp\operator overload\operator overload\x64\debug\operator.a5f216f8.tlog\link.read.1.tlog
c:\users\benz_\source\repos\nauka-cpp\operator overload\operator overload\x64\debug\operator.a5f216f8.tlog\link.write.1.tlog
